  Game.cpp
C:\Users\steph\Documents\GitHub\DinoDash2\CSProject\CSProject\Bullets.h(27,39): warning C4244: 'argument': conversion from 'int' to 'float', possible loss of data
C:\Users\steph\Documents\GitHub\DinoDash2\CSProject\CSProject\Bullets.h(27,28): warning C4244: 'argument': conversion from 'int' to 'float', possible loss of data
C:\Users\steph\Documents\GitHub\DinoDash2\CSProject\CSProject\Bullets.h(32,21): warning C4018: '<': signed/unsigned mismatch
C:\Users\steph\Documents\GitHub\DinoDash2\CSProject\CSProject\Player.h(38,41): warning C4244: 'argument': conversion from 'const T' to 'int', possible loss of data
          with
          [
              T=float
          ]
  Main.cpp
C:\Users\steph\Documents\GitHub\DinoDash2\CSProject\CSProject\Bullets.h(27,39): warning C4244: 'argument': conversion from 'int' to 'float', possible loss of data
C:\Users\steph\Documents\GitHub\DinoDash2\CSProject\CSProject\Bullets.h(27,28): warning C4244: 'argument': conversion from 'int' to 'float', possible loss of data
C:\Users\steph\Documents\GitHub\DinoDash2\CSProject\CSProject\Bullets.h(32,21): warning C4018: '<': signed/unsigned mismatch
C:\Users\steph\Documents\GitHub\DinoDash2\CSProject\CSProject\Player.h(38,41): warning C4244: 'argument': conversion from 'const T' to 'int', possible loss of data
          with
          [
              T=float
          ]
  Generating code
  233 of 240 functions (97.1%) were compiled, the rest were copied from previous compilation.
    0 functions were new in current compilation
    1 functions had inline decision re-evaluated but remain unchanged
  Finished generating code
  CSProject.vcxproj -> C:\Users\steph\Documents\GitHub\DinoDash2\CSProject\Release\CSProject.exe
